<?xml version="1.0" encoding="UTF-8"?>
<testsuite xmlns:xsi="http://www.w3.org/2001/XMLSchema-instance" xsi:noNamespaceSchemaLocation="https://maven.apache.org/surefire/maven-surefire-plugin/xsd/surefire-test-report.xsd" name="com.springteam.springsprintpj.controller.HeroControllerTest" time="0.007" tests="1" errors="0" skipped="1" failures="0">
  <properties>
    <property name="java.specification.version" value="18"/>
    <property name="sun.cpu.isalist" value="amd64"/>
    <property name="sun.jnu.encoding" value="Cp1252"/>
    <property name="java.class.path" value="C:\Users\petar\git\repository\springsprintpj\springsprintpj\target\test-classes;C:\Users\petar\git\repository\springsprintpj\springsprintpj\target\classes;C:\Users\petar\.m2\repository\org\mockito\mockito-core\4.7.0\mockito-core-4.7.0.jar;C:\Users\petar\.m2\repository\net\bytebuddy\byte-buddy\1.12.13\byte-buddy-1.12.13.jar;C:\Users\petar\.m2\repository\net\bytebuddy\byte-buddy-agent\1.12.13\byte-buddy-agent-1.12.13.jar;C:\Users\petar\.m2\repository\org\objenesis\objenesis\3.2\objenesis-3.2.jar;C:\Users\petar\.m2\repository\org\mockito\mockito-junit-jupiter\4.7.0\mockito-junit-jupiter-4.7.0.jar;C:\Users\petar\.m2\repository\org\junit\jupiter\junit-jupiter-api\5.9.0\junit-jupiter-api-5.9.0.jar;C:\Users\petar\.m2\repository\org\opentest4j\opentest4j\1.2.0\opentest4j-1.2.0.jar;C:\Users\petar\.m2\repository\org\junit\platform\junit-platform-commons\1.9.0\junit-platform-commons-1.9.0.jar;C:\Users\petar\.m2\repository\org\junit\jupiter\junit-jupiter-engine\5.8.1\junit-jupiter-engine-5.8.1.jar;C:\Users\petar\.m2\repository\org\junit\platform\junit-platform-engine\1.8.1\junit-platform-engine-1.8.1.jar;C:\Users\petar\.m2\repository\org\apiguardian\apiguardian-api\1.1.2\apiguardian-api-1.1.2.jar;C:\Users\petar\.m2\repository\org\springframework\spring-core\5.3.22\spring-core-5.3.22.jar;C:\Users\petar\.m2\repository\org\springframework\spring-jcl\5.3.22\spring-jcl-5.3.22.jar;C:\Users\petar\.m2\repository\org\springframework\spring-context\5.3.22\spring-context-5.3.22.jar;C:\Users\petar\.m2\repository\org\springframework\spring-aop\5.3.22\spring-aop-5.3.22.jar;C:\Users\petar\.m2\repository\org\springframework\spring-beans\5.3.22\spring-beans-5.3.22.jar;C:\Users\petar\.m2\repository\org\springframework\spring-expression\5.3.22\spring-expression-5.3.22.jar;C:\Users\petar\.m2\repository\org\springframework\spring-webmvc\5.3.22\spring-webmvc-5.3.22.jar;C:\Users\petar\.m2\repository\org\springframework\spring-web\5.3.22\spring-web-5.3.22.jar;C:\Users\petar\.m2\repository\org\springframework\spring-jms\5.3.22\spring-jms-5.3.22.jar;C:\Users\petar\.m2\repository\org\springframework\spring-messaging\5.3.22\spring-messaging-5.3.22.jar;C:\Users\petar\.m2\repository\org\springframework\spring-tx\5.3.22\spring-tx-5.3.22.jar;C:\Users\petar\.m2\repository\javax\servlet\javax.servlet-api\4.0.1\javax.servlet-api-4.0.1.jar;C:\Users\petar\.m2\repository\org\projectlombok\lombok\1.18.24\lombok-1.18.24.jar;C:\Users\petar\.m2\repository\com\fasterxml\jackson\core\jackson-databind\2.12.0\jackson-databind-2.12.0.jar;C:\Users\petar\.m2\repository\com\fasterxml\jackson\core\jackson-annotations\2.12.0\jackson-annotations-2.12.0.jar;C:\Users\petar\.m2\repository\com\fasterxml\jackson\core\jackson-core\2.12.0\jackson-core-2.12.0.jar;C:\Users\petar\.m2\repository\org\springframework\data\spring-data-jdbc\2.4.2\spring-data-jdbc-2.4.2.jar;C:\Users\petar\.m2\repository\org\springframework\data\spring-data-relational\2.4.2\spring-data-relational-2.4.2.jar;C:\Users\petar\.m2\repository\org\springframework\data\spring-data-commons\2.7.2\spring-data-commons-2.7.2.jar;C:\Users\petar\.m2\repository\org\springframework\spring-jdbc\5.3.22\spring-jdbc-5.3.22.jar;C:\Users\petar\.m2\repository\org\slf4j\slf4j-api\1.7.32\slf4j-api-1.7.32.jar;C:\Users\petar\.m2\repository\org\springframework\data\spring-data-jpa\2.7.2\spring-data-jpa-2.7.2.jar;C:\Users\petar\.m2\repository\org\springframework\spring-orm\5.3.22\spring-orm-5.3.22.jar;C:\Users\petar\.m2\repository\com\oracle\database\jdbc\ojdbc8\21.7.0.0\ojdbc8-21.7.0.0.jar;C:\Users\petar\.m2\repository\org\mapstruct\mapstruct\1.5.2.Final\mapstruct-1.5.2.Final.jar;C:\Users\petar\.m2\repository\org\hibernate\hibernate-core\5.4.33.Final\hibernate-core-5.4.33.Final.jar;C:\Users\petar\.m2\repository\org\jboss\logging\jboss-logging\3.4.1.Final\jboss-logging-3.4.1.Final.jar;C:\Users\petar\.m2\repository\org\javassist\javassist\3.27.0-GA\javassist-3.27.0-GA.jar;C:\Users\petar\.m2\repository\antlr\antlr\2.7.7\antlr-2.7.7.jar;C:\Users\petar\.m2\repository\org\jboss\spec\javax\transaction\jboss-transaction-api_1.2_spec\1.1.1.Final\jboss-transaction-api_1.2_spec-1.1.1.Final.jar;C:\Users\petar\.m2\repository\org\jboss\jandex\2.2.3.Final\jandex-2.2.3.Final.jar;C:\Users\petar\.m2\repository\com\fasterxml\classmate\1.5.1\classmate-1.5.1.jar;C:\Users\petar\.m2\repository\javax\activation\javax.activation-api\1.2.0\javax.activation-api-1.2.0.jar;C:\Users\petar\.m2\repository\org\dom4j\dom4j\2.1.3\dom4j-2.1.3.jar;C:\Users\petar\.m2\repository\org\hibernate\common\hibernate-commons-annotations\5.1.2.Final\hibernate-commons-annotations-5.1.2.Final.jar;C:\Users\petar\.m2\repository\javax\xml\bind\jaxb-api\2.3.1\jaxb-api-2.3.1.jar;C:\Users\petar\.m2\repository\org\glassfish\jaxb\jaxb-runtime\2.3.1\jaxb-runtime-2.3.1.jar;C:\Users\petar\.m2\repository\org\glassfish\jaxb\txw2\2.3.1\txw2-2.3.1.jar;C:\Users\petar\.m2\repository\com\sun\istack\istack-commons-runtime\3.0.7\istack-commons-runtime-3.0.7.jar;C:\Users\petar\.m2\repository\org\jvnet\staxex\stax-ex\1.8\stax-ex-1.8.jar;C:\Users\petar\.m2\repository\com\sun\xml\fastinfoset\FastInfoset\1.2.15\FastInfoset-1.2.15.jar;C:\Users\petar\.m2\repository\javax\persistence\javax.persistence-api\2.2\javax.persistence-api-2.2.jar;C:\Users\petar\.m2\repository\javax\jms\javax.jms-api\2.0.1\javax.jms-api-2.0.1.jar;C:\Users\petar\.m2\repository\com\google\guava\guava\31.1-jre\guava-31.1-jre.jar;C:\Users\petar\.m2\repository\com\google\guava\failureaccess\1.0.1\failureaccess-1.0.1.jar;C:\Users\petar\.m2\repository\com\google\guava\listenablefuture\9999.0-empty-to-avoid-conflict-with-guava\listenablefuture-9999.0-empty-to-avoid-conflict-with-guava.jar;C:\Users\petar\.m2\repository\com\google\code\findbugs\jsr305\3.0.2\jsr305-3.0.2.jar;C:\Users\petar\.m2\repository\org\checkerframework\checker-qual\3.12.0\checker-qual-3.12.0.jar;C:\Users\petar\.m2\repository\com\google\errorprone\error_prone_annotations\2.11.0\error_prone_annotations-2.11.0.jar;C:\Users\petar\.m2\repository\com\google\j2objc\j2objc-annotations\1.3\j2objc-annotations-1.3.jar;C:\Users\petar\.m2\repository\org\apache\logging\log4j\log4j-core\2.18.0\log4j-core-2.18.0.jar;C:\Users\petar\.m2\repository\org\apache\logging\log4j\log4j-api\2.18.0\log4j-api-2.18.0.jar;C:\Users\petar\.m2\repository\com\h2database\h2\2.1.214\h2-2.1.214.jar;C:\Users\petar\.m2\repository\org\springframework\spring-test\5.3.22\spring-test-5.3.22.jar;C:\Users\petar\.m2\repository\org\apache\activemq\activemq-core\5.7.0\activemq-core-5.7.0.jar;C:\Users\petar\.m2\repository\org\apache\geronimo\specs\geronimo-jms_1.1_spec\1.1.1\geronimo-jms_1.1_spec-1.1.1.jar;C:\Users\petar\.m2\repository\org\apache\activemq\kahadb\5.7.0\kahadb-5.7.0.jar;C:\Users\petar\.m2\repository\org\apache\activemq\protobuf\activemq-protobuf\1.1\activemq-protobuf-1.1.jar;C:\Users\petar\.m2\repository\org\fusesource\mqtt-client\mqtt-client\1.3\mqtt-client-1.3.jar;C:\Users\petar\.m2\repository\org\fusesource\hawtdispatch\hawtdispatch-transport\1.11\hawtdispatch-transport-1.11.jar;C:\Users\petar\.m2\repository\org\fusesource\hawtdispatch\hawtdispatch\1.11\hawtdispatch-1.11.jar;C:\Users\petar\.m2\repository\org\fusesource\hawtbuf\hawtbuf\1.9\hawtbuf-1.9.jar;C:\Users\petar\.m2\repository\org\apache\geronimo\specs\geronimo-j2ee-management_1.1_spec\1.0.1\geronimo-j2ee-management_1.1_spec-1.0.1.jar;C:\Users\petar\.m2\repository\commons-net\commons-net\3.1\commons-net-3.1.jar;C:\Users\petar\.m2\repository\org\jasypt\jasypt\1.9.0\jasypt-1.9.0.jar;C:\Users\petar\.m2\repository\org\apache\activemq\activemq-broker\5.17.2\activemq-broker-5.17.2.jar;C:\Users\petar\.m2\repository\org\apache\activemq\activemq-client\5.17.2\activemq-client-5.17.2.jar;C:\Users\petar\.m2\repository\org\apache\activemq\activemq-openwire-legacy\5.17.2\activemq-openwire-legacy-5.17.2.jar;C:\Users\petar\.m2\repository\javax\annotation\javax.annotation-api\1.3.2\javax.annotation-api-1.3.2.jar;C:\Users\petar\.m2\repository\org\apache\activemq\activemq-pool\5.17.2\activemq-pool-5.17.2.jar;C:\Users\petar\.m2\repository\org\apache\activemq\activemq-jms-pool\5.17.2\activemq-jms-pool-5.17.2.jar;C:\Users\petar\.m2\repository\org\apache\geronimo\specs\geronimo-jta_1.1_spec\1.1.1\geronimo-jta_1.1_spec-1.1.1.jar;C:\Users\petar\.m2\repository\org\apache\commons\commons-pool2\2.11.1\commons-pool2-2.11.1.jar;C:\Users\petar\.m2\repository\org\apache\activemq\activemq-spring\5.17.2\activemq-spring-5.17.2.jar;C:\Users\petar\.m2\repository\org\apache\xbean\xbean-spring\4.21\xbean-spring-4.21.jar;C:\Users\petar\.m2\repository\commons-logging\commons-logging\1.0.3\commons-logging-1.0.3.jar;C:\Users\petar\.m2\repository\org\apache\commons\commons-lang3\3.12.0\commons-lang3-3.12.0.jar;C:\Users\petar\.m2\repository\org\hibernate\validator\hibernate-validator\6.2.5.Final\hibernate-validator-6.2.5.Final.jar;C:\Users\petar\.m2\repository\jakarta\validation\jakarta.validation-api\2.0.2\jakarta.validation-api-2.0.2.jar;C:\Users\petar\.m2\repository\javax\validation\validation-api\2.0.1.Final\validation-api-2.0.1.Final.jar;C:\Users\petar\.m2\repository\org\glassfish\javax.el\3.0.1-b12\javax.el-3.0.1-b12.jar;"/>
    <property name="java.vm.vendor" value="Eclipse Adoptium"/>
    <property name="sun.arch.data.model" value="64"/>
    <property name="user.variant" value=""/>
    <property name="java.vendor.url" value="https://adoptium.net/"/>
    <property name="user.timezone" value="Europe/Budapest"/>
    <property name="os.name" value="Windows 10"/>
    <property name="java.vm.specification.version" value="18"/>
    <property name="sun.java.launcher" value="SUN_STANDARD"/>
    <property name="user.country" value="US"/>
    <property name="sun.boot.library.path" value="C:\Users\petar\.p2\pool\plugins\org.eclipse.justj.openjdk.hotspot.jre.full.win32.x86_64_18.0.2.v20220815-1350\jre\bin"/>
    <property name="sun.java.command" value="C:\Users\petar\AppData\Local\Temp\surefire12054385928485602701\surefirebooter11007659109874776597.jar C:\Users\petar\AppData\Local\Temp\surefire12054385928485602701 2023-09-19T23-25-52_061-jvmRun1 surefire967302428303333779tmp surefire_017950165934021660097tmp"/>
    <property name="jdk.debug" value="release"/>
    <property name="surefire.test.class.path" value="C:\Users\petar\git\repository\springsprintpj\springsprintpj\target\test-classes;C:\Users\petar\git\repository\springsprintpj\springsprintpj\target\classes;C:\Users\petar\.m2\repository\org\mockito\mockito-core\4.7.0\mockito-core-4.7.0.jar;C:\Users\petar\.m2\repository\net\bytebuddy\byte-buddy\1.12.13\byte-buddy-1.12.13.jar;C:\Users\petar\.m2\repository\net\bytebuddy\byte-buddy-agent\1.12.13\byte-buddy-agent-1.12.13.jar;C:\Users\petar\.m2\repository\org\objenesis\objenesis\3.2\objenesis-3.2.jar;C:\Users\petar\.m2\repository\org\mockito\mockito-junit-jupiter\4.7.0\mockito-junit-jupiter-4.7.0.jar;C:\Users\petar\.m2\repository\org\junit\jupiter\junit-jupiter-api\5.9.0\junit-jupiter-api-5.9.0.jar;C:\Users\petar\.m2\repository\org\opentest4j\opentest4j\1.2.0\opentest4j-1.2.0.jar;C:\Users\petar\.m2\repository\org\junit\platform\junit-platform-commons\1.9.0\junit-platform-commons-1.9.0.jar;C:\Users\petar\.m2\repository\org\junit\jupiter\junit-jupiter-engine\5.8.1\junit-jupiter-engine-5.8.1.jar;C:\Users\petar\.m2\repository\org\junit\platform\junit-platform-engine\1.8.1\junit-platform-engine-1.8.1.jar;C:\Users\petar\.m2\repository\org\apiguardian\apiguardian-api\1.1.2\apiguardian-api-1.1.2.jar;C:\Users\petar\.m2\repository\org\springframework\spring-core\5.3.22\spring-core-5.3.22.jar;C:\Users\petar\.m2\repository\org\springframework\spring-jcl\5.3.22\spring-jcl-5.3.22.jar;C:\Users\petar\.m2\repository\org\springframework\spring-context\5.3.22\spring-context-5.3.22.jar;C:\Users\petar\.m2\repository\org\springframework\spring-aop\5.3.22\spring-aop-5.3.22.jar;C:\Users\petar\.m2\repository\org\springframework\spring-beans\5.3.22\spring-beans-5.3.22.jar;C:\Users\petar\.m2\repository\org\springframework\spring-expression\5.3.22\spring-expression-5.3.22.jar;C:\Users\petar\.m2\repository\org\springframework\spring-webmvc\5.3.22\spring-webmvc-5.3.22.jar;C:\Users\petar\.m2\repository\org\springframework\spring-web\5.3.22\spring-web-5.3.22.jar;C:\Users\petar\.m2\repository\org\springframework\spring-jms\5.3.22\spring-jms-5.3.22.jar;C:\Users\petar\.m2\repository\org\springframework\spring-messaging\5.3.22\spring-messaging-5.3.22.jar;C:\Users\petar\.m2\repository\org\springframework\spring-tx\5.3.22\spring-tx-5.3.22.jar;C:\Users\petar\.m2\repository\javax\servlet\javax.servlet-api\4.0.1\javax.servlet-api-4.0.1.jar;C:\Users\petar\.m2\repository\org\projectlombok\lombok\1.18.24\lombok-1.18.24.jar;C:\Users\petar\.m2\repository\com\fasterxml\jackson\core\jackson-databind\2.12.0\jackson-databind-2.12.0.jar;C:\Users\petar\.m2\repository\com\fasterxml\jackson\core\jackson-annotations\2.12.0\jackson-annotations-2.12.0.jar;C:\Users\petar\.m2\repository\com\fasterxml\jackson\core\jackson-core\2.12.0\jackson-core-2.12.0.jar;C:\Users\petar\.m2\repository\org\springframework\data\spring-data-jdbc\2.4.2\spring-data-jdbc-2.4.2.jar;C:\Users\petar\.m2\repository\org\springframework\data\spring-data-relational\2.4.2\spring-data-relational-2.4.2.jar;C:\Users\petar\.m2\repository\org\springframework\data\spring-data-commons\2.7.2\spring-data-commons-2.7.2.jar;C:\Users\petar\.m2\repository\org\springframework\spring-jdbc\5.3.22\spring-jdbc-5.3.22.jar;C:\Users\petar\.m2\repository\org\slf4j\slf4j-api\1.7.32\slf4j-api-1.7.32.jar;C:\Users\petar\.m2\repository\org\springframework\data\spring-data-jpa\2.7.2\spring-data-jpa-2.7.2.jar;C:\Users\petar\.m2\repository\org\springframework\spring-orm\5.3.22\spring-orm-5.3.22.jar;C:\Users\petar\.m2\repository\com\oracle\database\jdbc\ojdbc8\21.7.0.0\ojdbc8-21.7.0.0.jar;C:\Users\petar\.m2\repository\org\mapstruct\mapstruct\1.5.2.Final\mapstruct-1.5.2.Final.jar;C:\Users\petar\.m2\repository\org\hibernate\hibernate-core\5.4.33.Final\hibernate-core-5.4.33.Final.jar;C:\Users\petar\.m2\repository\org\jboss\logging\jboss-logging\3.4.1.Final\jboss-logging-3.4.1.Final.jar;C:\Users\petar\.m2\repository\org\javassist\javassist\3.27.0-GA\javassist-3.27.0-GA.jar;C:\Users\petar\.m2\repository\antlr\antlr\2.7.7\antlr-2.7.7.jar;C:\Users\petar\.m2\repository\org\jboss\spec\javax\transaction\jboss-transaction-api_1.2_spec\1.1.1.Final\jboss-transaction-api_1.2_spec-1.1.1.Final.jar;C:\Users\petar\.m2\repository\org\jboss\jandex\2.2.3.Final\jandex-2.2.3.Final.jar;C:\Users\petar\.m2\repository\com\fasterxml\classmate\1.5.1\classmate-1.5.1.jar;C:\Users\petar\.m2\repository\javax\activation\javax.activation-api\1.2.0\javax.activation-api-1.2.0.jar;C:\Users\petar\.m2\repository\org\dom4j\dom4j\2.1.3\dom4j-2.1.3.jar;C:\Users\petar\.m2\repository\org\hibernate\common\hibernate-commons-annotations\5.1.2.Final\hibernate-commons-annotations-5.1.2.Final.jar;C:\Users\petar\.m2\repository\javax\xml\bind\jaxb-api\2.3.1\jaxb-api-2.3.1.jar;C:\Users\petar\.m2\repository\org\glassfish\jaxb\jaxb-runtime\2.3.1\jaxb-runtime-2.3.1.jar;C:\Users\petar\.m2\repository\org\glassfish\jaxb\txw2\2.3.1\txw2-2.3.1.jar;C:\Users\petar\.m2\repository\com\sun\istack\istack-commons-runtime\3.0.7\istack-commons-runtime-3.0.7.jar;C:\Users\petar\.m2\repository\org\jvnet\staxex\stax-ex\1.8\stax-ex-1.8.jar;C:\Users\petar\.m2\repository\com\sun\xml\fastinfoset\FastInfoset\1.2.15\FastInfoset-1.2.15.jar;C:\Users\petar\.m2\repository\javax\persistence\javax.persistence-api\2.2\javax.persistence-api-2.2.jar;C:\Users\petar\.m2\repository\javax\jms\javax.jms-api\2.0.1\javax.jms-api-2.0.1.jar;C:\Users\petar\.m2\repository\com\google\guava\guava\31.1-jre\guava-31.1-jre.jar;C:\Users\petar\.m2\repository\com\google\guava\failureaccess\1.0.1\failureaccess-1.0.1.jar;C:\Users\petar\.m2\repository\com\google\guava\listenablefuture\9999.0-empty-to-avoid-conflict-with-guava\listenablefuture-9999.0-empty-to-avoid-conflict-with-guava.jar;C:\Users\petar\.m2\repository\com\google\code\findbugs\jsr305\3.0.2\jsr305-3.0.2.jar;C:\Users\petar\.m2\repository\org\checkerframework\checker-qual\3.12.0\checker-qual-3.12.0.jar;C:\Users\petar\.m2\repository\com\google\errorprone\error_prone_annotations\2.11.0\error_prone_annotations-2.11.0.jar;C:\Users\petar\.m2\repository\com\google\j2objc\j2objc-annotations\1.3\j2objc-annotations-1.3.jar;C:\Users\petar\.m2\repository\org\apache\logging\log4j\log4j-core\2.18.0\log4j-core-2.18.0.jar;C:\Users\petar\.m2\repository\org\apache\logging\log4j\log4j-api\2.18.0\log4j-api-2.18.0.jar;C:\Users\petar\.m2\repository\com\h2database\h2\2.1.214\h2-2.1.214.jar;C:\Users\petar\.m2\repository\org\springframework\spring-test\5.3.22\spring-test-5.3.22.jar;C:\Users\petar\.m2\repository\org\apache\activemq\activemq-core\5.7.0\activemq-core-5.7.0.jar;C:\Users\petar\.m2\repository\org\apache\geronimo\specs\geronimo-jms_1.1_spec\1.1.1\geronimo-jms_1.1_spec-1.1.1.jar;C:\Users\petar\.m2\repository\org\apache\activemq\kahadb\5.7.0\kahadb-5.7.0.jar;C:\Users\petar\.m2\repository\org\apache\activemq\protobuf\activemq-protobuf\1.1\activemq-protobuf-1.1.jar;C:\Users\petar\.m2\repository\org\fusesource\mqtt-client\mqtt-client\1.3\mqtt-client-1.3.jar;C:\Users\petar\.m2\repository\org\fusesource\hawtdispatch\hawtdispatch-transport\1.11\hawtdispatch-transport-1.11.jar;C:\Users\petar\.m2\repository\org\fusesource\hawtdispatch\hawtdispatch\1.11\hawtdispatch-1.11.jar;C:\Users\petar\.m2\repository\org\fusesource\hawtbuf\hawtbuf\1.9\hawtbuf-1.9.jar;C:\Users\petar\.m2\repository\org\apache\geronimo\specs\geronimo-j2ee-management_1.1_spec\1.0.1\geronimo-j2ee-management_1.1_spec-1.0.1.jar;C:\Users\petar\.m2\repository\commons-net\commons-net\3.1\commons-net-3.1.jar;C:\Users\petar\.m2\repository\org\jasypt\jasypt\1.9.0\jasypt-1.9.0.jar;C:\Users\petar\.m2\repository\org\apache\activemq\activemq-broker\5.17.2\activemq-broker-5.17.2.jar;C:\Users\petar\.m2\repository\org\apache\activemq\activemq-client\5.17.2\activemq-client-5.17.2.jar;C:\Users\petar\.m2\repository\org\apache\activemq\activemq-openwire-legacy\5.17.2\activemq-openwire-legacy-5.17.2.jar;C:\Users\petar\.m2\repository\javax\annotation\javax.annotation-api\1.3.2\javax.annotation-api-1.3.2.jar;C:\Users\petar\.m2\repository\org\apache\activemq\activemq-pool\5.17.2\activemq-pool-5.17.2.jar;C:\Users\petar\.m2\repository\org\apache\activemq\activemq-jms-pool\5.17.2\activemq-jms-pool-5.17.2.jar;C:\Users\petar\.m2\repository\org\apache\geronimo\specs\geronimo-jta_1.1_spec\1.1.1\geronimo-jta_1.1_spec-1.1.1.jar;C:\Users\petar\.m2\repository\org\apache\commons\commons-pool2\2.11.1\commons-pool2-2.11.1.jar;C:\Users\petar\.m2\repository\org\apache\activemq\activemq-spring\5.17.2\activemq-spring-5.17.2.jar;C:\Users\petar\.m2\repository\org\apache\xbean\xbean-spring\4.21\xbean-spring-4.21.jar;C:\Users\petar\.m2\repository\commons-logging\commons-logging\1.0.3\commons-logging-1.0.3.jar;C:\Users\petar\.m2\repository\org\apache\commons\commons-lang3\3.12.0\commons-lang3-3.12.0.jar;C:\Users\petar\.m2\repository\org\hibernate\validator\hibernate-validator\6.2.5.Final\hibernate-validator-6.2.5.Final.jar;C:\Users\petar\.m2\repository\jakarta\validation\jakarta.validation-api\2.0.2\jakarta.validation-api-2.0.2.jar;C:\Users\petar\.m2\repository\javax\validation\validation-api\2.0.1.Final\validation-api-2.0.1.Final.jar;C:\Users\petar\.m2\repository\org\glassfish\javax.el\3.0.1-b12\javax.el-3.0.1-b12.jar;"/>
    <property name="sun.cpu.endian" value="little"/>
    <property name="user.home" value="C:\Users\petar"/>
    <property name="user.language" value="en"/>
    <property name="java.specification.vendor" value="Oracle Corporation"/>
    <property name="java.version.date" value="2022-07-19"/>
    <property name="java.home" value="C:\Users\petar\.p2\pool\plugins\org.eclipse.justj.openjdk.hotspot.jre.full.win32.x86_64_18.0.2.v20220815-1350\jre"/>
    <property name="file.separator" value="\"/>
    <property name="basedir" value="C:\Users\petar\git\repository\springsprintpj\springsprintpj"/>
    <property name="java.vm.compressedOopsMode" value="Zero based"/>
    <property name="line.separator" value="&#10;"/>
    <property name="java.vm.specification.vendor" value="Oracle Corporation"/>
    <property name="java.specification.name" value="Java Platform API Specification"/>
    <property name="surefire.real.class.path" value="C:\Users\petar\AppData\Local\Temp\surefire12054385928485602701\surefirebooter11007659109874776597.jar"/>
    <property name="user.script" value=""/>
    <property name="sun.management.compiler" value="HotSpot 64-Bit Tiered Compilers"/>
    <property name="java.runtime.version" value="18.0.2+9"/>
    <property name="user.name" value="petar"/>
    <property name="path.separator" value=";"/>
    <property name="os.version" value="10.0"/>
    <property name="java.runtime.name" value="OpenJDK Runtime Environment"/>
    <property name="file.encoding" value="UTF-8"/>
    <property name="java.vm.name" value="OpenJDK 64-Bit Server VM"/>
    <property name="java.vendor.version" value="Temurin-18.0.2+9"/>
    <property name="localRepository" value="C:\Users\petar\.m2\repository"/>
    <property name="java.vendor.url.bug" value="https://github.com/adoptium/adoptium-support/issues"/>
    <property name="java.io.tmpdir" value="C:\Users\petar\AppData\Local\Temp\"/>
    <property name="java.version" value="18.0.2"/>
    <property name="user.dir" value="C:\Users\petar\git\repository\springsprintpj\springsprintpj"/>
    <property name="os.arch" value="amd64"/>
    <property name="java.vm.specification.name" value="Java Virtual Machine Specification"/>
    <property name="sun.os.patch.level" value=""/>
    <property name="native.encoding" value="Cp1252"/>
    <property name="java.library.path" value="C:\Users\petar\.p2\pool\plugins\org.eclipse.justj.openjdk.hotspot.jre.full.win32.x86_64_18.0.2.v20220815-1350\jre\bin;C:\WINDOWS\Sun\Java\bin;C:\WINDOWS\system32;C:\WINDOWS;C:/Users/petar/.p2/pool/plugins/org.eclipse.justj.openjdk.hotspot.jre.full.win32.x86_64_18.0.2.v20220815-1350/jre/bin/server;C:/Users/petar/.p2/pool/plugins/org.eclipse.justj.openjdk.hotspot.jre.full.win32.x86_64_18.0.2.v20220815-1350/jre/bin;C:\Program Files\Common Files\Oracle\Java\javapath;D:\DatabaseManagementSystems\oracle\bin;C:\WINDOWS\system32;C:\WINDOWS;C:\WINDOWS\System32\Wbem;C:\WINDOWS\System32\WindowsPowerShell\v1.0\;C:\WINDOWS\System32\OpenSSH\;C:\apache-maven-3.6.3\bin;C:\Program Files\TortoiseSVN\bin;C:\Program Files\PuTTY\;C:\Program Files\dotnet\;C:\Program Files\Microsoft SQL Server\130\Tools\Binn\;C:\Program Files\Microsoft SQL Server\Client SDK\ODBC\170\Tools\Binn\;C:\Program Files\Git\cmd;C:\Program Files\nodejs\;C:\Program Files (x86)\dotnet\;C:\Users\petar\Documents\YTM\res\trunk\ProgramFiles\tomcat\apache-tomcat-9.0.41\bin;C:\Program Files\PostgreSQL\14\bin;C:\Users\petar\apache-maven-3.8.6\bin;C:\Program Files\Java\jdk-17.0.5\bin;C:\Program Files\MySQL\MySQL Shell 8.0\bin\;C:\Users\petar\AppData\Local\Programs\Python\Python311\Scripts\;C:\Users\petar\AppData\Local\Programs\Python\Python311\;C:\Users\petar\AppData\Local\Programs\Python\Python39\Scripts\;C:\Users\petar\AppData\Local\Programs\Python\Python39\;C:\Ruby30-x64\bin;C:\Users\petar\AppData\Local\Microsoft\WindowsApps;C:\Users\petar\AppData\Local\atom\bin;C:\Users\petar\AppData\Local\Programs\Microsoft VS Code\bin;C:\Users\petar\.dotnet\tools;C:\Users\petar\AppData\Roaming\npm;C:\WINDOWS\system32;;."/>
    <property name="java.vm.info" value="mixed mode"/>
    <property name="java.vendor" value="Eclipse Adoptium"/>
    <property name="java.vm.version" value="18.0.2+9"/>
    <property name="sun.io.unicode.encoding" value="UnicodeLittle"/>
    <property name="java.class.version" value="62.0"/>
  </properties>
  <testcase name="com.springteam.springsprintpj.controller.HeroControllerTest" classname="com.springteam.springsprintpj.controller.HeroControllerTest" time="0">
    <skipped message="class com.springteam.springsprintpj.controller.HeroControllerTest is @Disabled"/>
  </testcase>
</testsuite>